node:internal/modules/cjs/loader:1251
  throw err;
  ^

Error: Cannot find module '/root/stan/config/app.js'
    at Module._resolveFilename (node:internal/modules/cjs/loader:1248:15)
    at Module._load (node:internal/modules/cjs/loader:1074:27)
    at TracingChannel.traceSync (node:diagnostics_channel:315:14)
    at wrapModuleLoad (node:internal/modules/cjs/loader:217:24)
    at Function.executeUserEntryPoint [as runMain] (node:internal/modules/run_main:166:5)
    at node:internal/main/run_main_module:30:49 {
  code: 'MODULE_NOT_FOUND',
  requireStack: []
}

Node.js v22.9.0
node:internal/modules/cjs/loader:1251
  throw err;
  ^

Error: Cannot find module '/root/stan/config/app.js'
    at Module._resolveFilename (node:internal/modules/cjs/loader:1248:15)
    at Module._load (node:internal/modules/cjs/loader:1074:27)
    at TracingChannel.traceSync (node:diagnostics_channel:315:14)
    at wrapModuleLoad (node:internal/modules/cjs/loader:217:24)
    at Function.executeUserEntryPoint [as runMain] (node:internal/modules/run_main:166:5)
    at node:internal/main/run_main_module:30:49 {
  code: 'MODULE_NOT_FOUND',
  requireStack: []
}

Node.js v22.9.0
node:internal/modules/cjs/loader:1251
  throw err;
  ^

Error: Cannot find module '/root/stan/config/app.js'
    at Module._resolveFilename (node:internal/modules/cjs/loader:1248:15)
    at Module._load (node:internal/modules/cjs/loader:1074:27)
    at TracingChannel.traceSync (node:diagnostics_channel:315:14)
    at wrapModuleLoad (node:internal/modules/cjs/loader:217:24)
    at Function.executeUserEntryPoint [as runMain] (node:internal/modules/run_main:166:5)
    at node:internal/main/run_main_module:30:49 {
  code: 'MODULE_NOT_FOUND',
  requireStack: []
}

Node.js v22.9.0
